2025-02-04 13:39:55 INFO run.py:218 GNS3 server version 2.2.53
2025-02-04 13:39:55 INFO run.py:220 Copyright (c) 2007-2025 GNS3 Technologies Inc.
2025-02-04 13:39:55 INFO run.py:223 Config file /Users/cassarluca/.config/GNS3/2.2/gns3_server.conf loaded
2025-02-04 13:39:55 WARNING run.py:229 Local mode is enabled. Beware, clients will have full control on your filesystem
2025-02-04 13:39:55 INFO run.py:236 HTTP authentication is enabled with username 'admin'
2025-02-04 13:39:55 INFO run.py:242 Running with Python 3.11.9 and has PID 41608
2025-02-04 13:39:55 INFO run.py:248 Using system certificate store for SSL connections
2025-02-04 13:39:55 WARNING __init__.py:395 Config disk: image 'config.img' missing
2025-02-04 13:39:55 INFO web_server.py:344 Starting server on localhost:3080
2025-02-04 13:39:55 INFO __init__.py:70 Load controller configuration file /Users/cassarluca/.config/GNS3/2.2/gns3_controller.conf
2025-02-04 13:39:55 INFO __init__.py:74 Controller is starting
2025-02-04 13:39:55 INFO __init__.py:329 Installing base configs in '/Users/cassarluca/GNS3/configs'
2025-02-04 13:39:55 INFO __init__.py:342 Installing built-in disks in '/Users/cassarluca/GNS3/images/QEMU'
2025-02-04 13:39:55 INFO __init__.py:255 Comparing controller version 2.2.53 with config version None
2025-02-04 13:39:55 INFO appliance_manager.py:103 Installing built-in appliances in '/Users/cassarluca/Library/Application Support/GNS3/appliances'
2025-02-04 13:39:55 INFO compute.py:69 Create compute local
2025-02-04 13:39:55 INFO compute.py:369 Connecting to compute 'local'
2025-02-04 13:39:55 INFO web_log.py:211 ::1 [04/Feb/2025:13:39:55 +0100] "GET /v2/compute/capabilities HTTP/1.1" 200 521 "-" "Python/3.11 aiohttp/3.10.11"
2025-02-04 13:39:55 INFO notification_handler.py:50 New client has connected to compute WebSocket
2025-02-04 13:39:55 INFO compute.py:436 Connected to compute 'local' WebSocket 'http://localhost:3080/v2/compute/notifications/ws'
2025-02-04 13:39:55 INFO web_log.py:211 ::1 [04/Feb/2025:13:39:55 +0100] "GET /v2/version HTTP/1.1" 200 228 "-" "GNS3 QT Client v2.2.53"
2025-02-04 13:39:55 INFO web_log.py:211 ::1 [04/Feb/2025:13:39:55 +0100] "GET /v2/version HTTP/1.1" 200 228 "-" "GNS3 QT Client v2.2.53"
2025-02-04 13:39:55 INFO notification_handler.py:73 New client has connected to controller WebSocket
2025-02-04 13:39:55 INFO web_log.py:211 ::1 [04/Feb/2025:13:39:55 +0100] "GET /v2/version HTTP/1.1" 200 228 "-" "GNS3 QT Client v2.2.53"
2025-02-04 13:39:55 INFO web_log.py:211 ::1 [04/Feb/2025:13:39:55 +0100] "GET /v2/version HTTP/1.1" 200 228 "-" "GNS3 QT Client v2.2.53"
2025-02-04 13:39:55 INFO web_log.py:211 ::1 [04/Feb/2025:13:39:55 +0100] "GET /v2/templates HTTP/1.1" 200 2500 "-" "GNS3 QT Client v2.2.53"
2025-02-04 13:39:55 INFO web_log.py:211 ::1 [04/Feb/2025:13:39:55 +0100] "GET /v2/computes HTTP/1.1" 200 993 "-" "GNS3 QT Client v2.2.53"
2025-02-04 13:39:55 INFO web_log.py:211 ::1 [04/Feb/2025:13:39:55 +0100] "GET /v2/projects HTTP/1.1" 200 184 "-" "GNS3 QT Client v2.2.53"
2025-02-04 13:39:55 INFO notification_handler.py:73 New client has connected to controller WebSocket
2025-02-04 13:39:55 INFO web_log.py:211 ::1 [04/Feb/2025:13:39:55 +0100] "GET /v2/templates HTTP/1.1" 200 2500 "-" "GNS3 QT Client v2.2.53"
2025-02-04 13:39:55 INFO web_log.py:211 ::1 [04/Feb/2025:13:39:55 +0100] "GET /v2/computes HTTP/1.1" 200 993 "-" "GNS3 QT Client v2.2.53"
2025-02-04 13:39:55 INFO web_log.py:211 ::1 [04/Feb/2025:13:39:55 +0100] "GET /v2/projects HTTP/1.1" 200 184 "-" "GNS3 QT Client v2.2.53"
2025-02-04 13:39:55 INFO web_log.py:211 ::1 [04/Feb/2025:13:39:55 +0100] "GET /v2/gns3vm HTTP/1.1" 200 378 "-" "GNS3 QT Client v2.2.53"
2025-02-04 13:39:55 INFO web_log.py:211 ::1 [04/Feb/2025:13:39:55 +0100] "GET /v2/symbols/%3A/symbols/hub.svg/raw HTTP/1.1" 200 7637 "-" "GNS3 QT Client v2.2.53"
2025-02-04 13:39:55 INFO web_log.py:211 ::1 [04/Feb/2025:13:39:55 +0100] "GET /v2/symbols/%3A/symbols/ethernet_switch.svg/raw HTTP/1.1" 200 9274 "-" "GNS3 QT Client v2.2.53"
2025-02-04 13:39:55 INFO web_log.py:211 ::1 [04/Feb/2025:13:39:55 +0100] "GET /v2/symbols/%3A/symbols/nat.svg/raw HTTP/1.1" 200 31059 "-" "GNS3 QT Client v2.2.53"
2025-02-04 13:39:55 INFO web_log.py:211 ::1 [04/Feb/2025:13:39:55 +0100] "GET /v2/symbols/%3A/symbols/vpcs_guest.svg/raw HTTP/1.1" 200 19496 "-" "GNS3 QT Client v2.2.53"
2025-02-04 13:39:55 INFO web_log.py:211 ::1 [04/Feb/2025:13:39:55 +0100] "GET /v2/symbols/%3A/symbols/cloud.svg/raw HTTP/1.1" 200 27983 "-" "GNS3 QT Client v2.2.53"
2025-02-04 13:39:55 INFO web_log.py:211 ::1 [04/Feb/2025:13:39:55 +0100] "GET /v2/symbols/%3A/symbols/frame_relay_switch.svg/raw HTTP/1.1" 200 10028 "-" "GNS3 QT Client v2.2.53"
2025-02-04 13:39:55 INFO web_log.py:211 ::1 [04/Feb/2025:13:39:55 +0100] "GET /v2/symbols/%3A/symbols/atm_switch.svg/raw HTTP/1.1" 200 9960 "-" "GNS3 QT Client v2.2.53"
2025-02-04 13:39:56 INFO notification_handler.py:82 Client has disconnected from controller WebSocket
2025-02-04 13:39:56 INFO web_log.py:211 ::1 [04/Feb/2025:13:39:55 +0100] "GET /v2/notifications/ws HTTP/1.1" 200 0 "-" "-"
2025-02-04 13:40:14 INFO web_log.py:211 ::1 [04/Feb/2025:13:40:14 +0100] "GET /v2/version HTTP/1.1" 200 228 "-" "GNS3 QT Client v2.2.53"
2025-02-04 13:40:14 INFO web_log.py:211 ::1 [04/Feb/2025:13:40:14 +0100] "GET /v2/gns3vm HTTP/1.1" 200 378 "-" "GNS3 QT Client v2.2.53"
2025-02-04 13:40:32 INFO web_log.py:211 ::1 [04/Feb/2025:13:40:32 +0100] "GET /v2/gns3vm/engines/vmware/vms HTTP/1.1" 200 203 "-" "GNS3 QT Client v2.2.53"
2025-02-04 13:44:43 INFO web_log.py:211 ::1 [04/Feb/2025:13:44:43 +0100] "GET /v2/gns3vm/engines/vmware/vms HTTP/1.1" 200 203 "-" "GNS3 QT Client v2.2.53"
2025-02-04 13:44:47 INFO web_log.py:211 ::1 [04/Feb/2025:13:44:47 +0100] "GET /v2/version HTTP/1.1" 200 228 "-" "GNS3 QT Client v2.2.53"
2025-02-04 13:44:47 INFO web_log.py:211 ::1 [04/Feb/2025:13:44:47 +0100] "GET /v2/templates HTTP/1.1" 200 2500 "-" "GNS3 QT Client v2.2.53"
2025-02-04 13:44:47 INFO web_log.py:211 ::1 [04/Feb/2025:13:44:47 +0100] "GET /v2/appliances?symbol_theme=Classic HTTP/1.1" 200 1034291 "-" "GNS3 QT Client v2.2.53"
2025-02-04 13:44:47 INFO web_log.py:211 ::1 [04/Feb/2025:13:44:47 +0100] "GET /v2/templates HTTP/1.1" 200 2500 "-" "GNS3 QT Client v2.2.53"
2025-02-04 13:44:47 INFO web_log.py:211 ::1 [04/Feb/2025:13:44:47 +0100] "GET /v2/appliances?symbol_theme=Classic HTTP/1.1" 200 1034291 "-" "GNS3 QT Client v2.2.53"
2025-02-04 13:45:22 INFO web_log.py:211 ::1 [04/Feb/2025:13:45:22 +0100] "GET /v2/templates HTTP/1.1" 200 2500 "-" "GNS3 QT Client v2.2.53"
2025-02-04 13:45:22 INFO web_log.py:211 ::1 [04/Feb/2025:13:45:22 +0100] "GET /v2/appliances?symbol_theme=Classic HTTP/1.1" 200 1034291 "-" "GNS3 QT Client v2.2.53"
2025-02-04 13:45:22 INFO web_log.py:211 ::1 [04/Feb/2025:13:45:22 +0100] "GET /v2/computes HTTP/1.1" 200 993 "-" "GNS3 QT Client v2.2.53"
2025-02-04 13:45:22 INFO notification_handler.py:82 Client has disconnected from controller WebSocket
2025-02-04 13:45:22 INFO web_log.py:211 ::1 [04/Feb/2025:13:40:26 +0100] "GET /v2/notifications/ws HTTP/1.1" 200 0 "-" "-"
2025-02-04 13:45:24 INFO web_log.py:211 ::1 [04/Feb/2025:13:45:24 +0100] "GET /v2/computes HTTP/1.1" 200 993 "-" "GNS3 QT Client v2.2.53"
2025-02-04 13:45:26 INFO web_log.py:211 ::1 [04/Feb/2025:13:45:26 +0100] "GET /v2/computes HTTP/1.1" 200 993 "-" "GNS3 QT Client v2.2.53"
2025-02-04 13:45:28 INFO web_log.py:211 ::1 [04/Feb/2025:13:45:28 +0100] "GET /v2/computes HTTP/1.1" 200 993 "-" "GNS3 QT Client v2.2.53"
2025-02-04 13:45:30 INFO web_log.py:211 ::1 [04/Feb/2025:13:45:30 +0100] "GET /v2/computes HTTP/1.1" 200 993 "-" "GNS3 QT Client v2.2.53"
2025-02-04 13:45:32 INFO web_log.py:211 ::1 [04/Feb/2025:13:45:32 +0100] "GET /v2/computes HTTP/1.1" 200 993 "-" "GNS3 QT Client v2.2.53"
2025-02-04 13:45:33 WARNING web_server.py:172 Server has got signal SIGINT, exiting...
2025-02-04 13:45:33 INFO web_server.py:115 Closing 1 websocket connections...
2025-02-04 13:45:33 INFO compute.py:462 Connection closed to compute 'local' WebSocket 'http://localhost:3080/v2/compute/notifications/ws'
2025-02-04 13:45:34 INFO notification_handler.py:59 Client has disconnected from compute WebSocket
2025-02-04 13:45:34 INFO web_log.py:211 127.0.0.1 [04/Feb/2025:13:40:26 +0100] "GET /v2/compute/notifications/ws HTTP/1.1" 200 0 "-" "Python/3.11 aiohttp/3.10.11"
2025-02-04 13:45:34 INFO __init__.py:146 Controller is stopping
2025-02-04 13:45:34 INFO run.py:278 Remove PID file /Users/cassarluca/.config/GNS3/2.2/gns3_server.pid
